mode: count
ch12/ex04/decode.go:22.58,26.15 4 1
ch12/ex04/decode.go:32.2,33.12 2 1
ch12/ex04/decode.go:26.15,28.31 1 1
ch12/ex04/decode.go:28.31,30.4 1 0
ch12/ex04/decode.go:44.33,44.64 1 87
ch12/ex04/decode.go:45.33,45.64 1 38
ch12/ex04/decode.go:47.38,48.23 1 36
ch12/ex04/decode.go:51.2,51.12 1 36
ch12/ex04/decode.go:48.23,49.58 1 0
ch12/ex04/decode.go:78.40,79.19 1 28
ch12/ex04/decode.go:155.2,155.69 1 0
ch12/ex04/decode.go:80.2,83.21 1 2
ch12/ex04/decode.go:96.2,100.9 4 18
ch12/ex04/decode.go:102.2,106.9 4 1
ch12/ex04/decode.go:109.2,110.19 1 2
ch12/ex04/decode.go:120.3,121.9 2 2
ch12/ex04/decode.go:123.2,134.19 10 2
ch12/ex04/decode.go:142.3,145.9 4 2
ch12/ex04/decode.go:148.2,152.9 4 3
ch12/ex04/decode.go:84.3,87.10 3 1
ch12/ex04/decode.go:89.3,92.10 3 1
ch12/ex04/decode.go:111.3,113.17 2 1
ch12/ex04/decode.go:114.3,116.17 2 1
ch12/ex04/decode.go:117.3,118.55 1 0
ch12/ex04/decode.go:135.3,136.16 1 1
ch12/ex04/decode.go:137.3,138.16 1 1
ch12/ex04/decode.go:139.3,140.55 1 0
ch12/ex04/decode.go:161.44,162.18 1 3
ch12/ex04/decode.go:163.2,164.34 1 0
ch12/ex04/decode.go:168.2,169.21 1 1
ch12/ex04/decode.go:175.2,176.21 1 1
ch12/ex04/decode.go:187.2,189.21 2 1
ch12/ex04/decode.go:199.2,200.61 1 0
ch12/ex04/decode.go:164.34,166.4 1 0
ch12/ex04/decode.go:169.21,173.4 3 4
ch12/ex04/decode.go:176.21,178.34 2 11
ch12/ex04/decode.go:181.4,184.20 4 11
ch12/ex04/decode.go:178.34,179.68 1 0
ch12/ex04/decode.go:189.21,197.4 7 6
ch12/ex04/decode.go:204.31,205.19 1 24
ch12/ex04/decode.go:211.2,211.14 1 21
ch12/ex04/decode.go:206.2,207.23 1 0
ch12/ex04/decode.go:208.2,209.14 1 3
ch12/ex04/encode.go:17.45,19.57 2 1
ch12/ex04/encode.go:22.2,22.25 1 1
ch12/ex04/encode.go:19.57,21.3 1 0
ch12/ex04/encode.go:29.55,30.18 1 29
ch12/ex04/encode.go:111.2,111.12 1 28
ch12/ex04/encode.go:31.2,32.25 1 1
ch12/ex04/encode.go:34.2,36.34 1 1
ch12/ex04/encode.go:38.2,40.35 1 0
ch12/ex04/encode.go:42.2,43.37 1 18
ch12/ex04/encode.go:45.2,46.31 1 1
ch12/ex04/encode.go:48.2,50.32 2 1
ch12/ex04/encode.go:58.3,58.21 1 1
ch12/ex04/encode.go:60.2,62.37 2 1
ch12/ex04/encode.go:72.3,72.21 1 1
ch12/ex04/encode.go:74.2,76.35 2 1
ch12/ex04/encode.go:90.3,90.21 1 1
ch12/ex04/encode.go:93.2,94.15 1 1
ch12/ex04/encode.go:100.2,101.36 1 2
ch12/ex04/encode.go:103.2,105.50 2 2
ch12/ex04/encode.go:108.2,109.54 1 0
ch12/ex04/encode.go:50.32,51.13 1 4
ch12/ex04/encode.go:54.4,54.50 1 4
ch12/ex04/encode.go:51.13,53.5 1 3
ch12/ex04/encode.go:54.50,56.5 1 0
ch12/ex04/encode.go:62.37,63.13 1 11
ch12/ex04/encode.go:66.4,67.50 2 11
ch12/ex04/encode.go:70.4,70.22 1 11
ch12/ex04/encode.go:63.13,65.5 1 10
ch12/ex04/encode.go:67.50,69.5 1 0
ch12/ex04/encode.go:76.35,77.13 1 6
ch12/ex04/encode.go:80.4,81.43 2 6
ch12/ex04/encode.go:84.4,85.55 2 6
ch12/ex04/encode.go:88.4,88.22 1 6
ch12/ex04/encode.go:77.13,79.5 1 5
ch12/ex04/encode.go:81.43,83.5 1 0
ch12/ex04/encode.go:85.55,87.5 1 0
ch12/ex04/encode.go:94.15,96.4 1 1
ch12/ex04/encode.go:96.4,98.4 1 0
ch12/ex04/pretty.go:16.51,18.55 2 1
ch12/ex04/pretty.go:21.2,21.23 1 1
ch12/ex04/pretty.go:18.55,20.3 1 0
ch12/ex04/pretty.go:42.38,44.23 2 76
ch12/ex04/pretty.go:44.23,46.3 1 0
ch12/ex04/pretty.go:46.3,49.3 2 76
ch12/ex04/pretty.go:51.38,55.2 3 55
ch12/ex04/pretty.go:56.36,58.2 1 55
ch12/ex04/pretty.go:59.27,60.23 1 20
ch12/ex04/pretty.go:63.2,66.15 4 20
ch12/ex04/pretty.go:60.23,62.3 1 1
ch12/ex04/pretty.go:68.25,75.19 5 20
ch12/ex04/pretty.go:78.2,78.23 1 20
ch12/ex04/pretty.go:75.19,77.3 1 20
ch12/ex04/pretty.go:78.23,79.32 1 1
ch12/ex04/pretty.go:82.3,82.17 1 1
ch12/ex04/pretty.go:79.32,81.4 1 151
ch12/ex04/pretty.go:85.27,88.19 3 35
ch12/ex04/pretty.go:92.2,95.12 4 35
ch12/ex04/pretty.go:88.19,91.3 2 15
ch12/ex04/pretty.go:99.29,101.2 0 0
ch12/ex04/pretty.go:104.35,105.16 1 151
ch12/ex04/pretty.go:106.2,108.24 2 76
ch12/ex04/pretty.go:109.2,110.41 1 20
ch12/ex04/pretty.go:111.2,112.43 1 20
ch12/ex04/pretty.go:113.2,114.23 1 35
ch12/ex04/pretty.go:114.23,118.4 3 13
ch12/ex04/pretty.go:118.4,121.4 2 22
ch12/ex04/pretty.go:124.63,126.2 1 23
ch12/ex04/pretty.go:128.48,129.18 1 29
ch12/ex04/pretty.go:212.2,212.12 1 28
ch12/ex04/pretty.go:130.2,131.18 1 1
ch12/ex04/pretty.go:133.2,135.27 1 1
ch12/ex04/pretty.go:137.2,139.28 1 0
ch12/ex04/pretty.go:141.2,142.30 1 18
ch12/ex04/pretty.go:144.2,146.32 2 1
ch12/ex04/pretty.go:154.3,154.10 1 1
ch12/ex04/pretty.go:156.2,158.37 2 1
ch12/ex04/pretty.go:170.3,170.10 1 1
ch12/ex04/pretty.go:172.2,174.35 2 1
ch12/ex04/pretty.go:188.3,188.10 1 1
ch12/ex04/pretty.go:190.2,191.29 1 1
ch12/ex04/pretty.go:194.2,195.15 1 1
ch12/ex04/pretty.go:201.2,202.29 1 2
ch12/ex04/pretty.go:204.2,206.43 2 2
ch12/ex04/pretty.go:209.2,210.54 1 0
ch12/ex04/pretty.go:146.32,147.13 1 4
ch12/ex04/pretty.go:150.4,150.48 1 4
ch12/ex04/pretty.go:147.13,149.5 1 3
ch12/ex04/pretty.go:150.48,152.5 1 0
ch12/ex04/pretty.go:158.37,159.13 1 11
ch12/ex04/pretty.go:162.4,165.48 4 11
ch12/ex04/pretty.go:168.4,168.11 1 11
ch12/ex04/pretty.go:159.13,161.5 1 10
ch12/ex04/pretty.go:165.48,167.5 1 0
ch12/ex04/pretty.go:174.35,175.13 1 6
ch12/ex04/pretty.go:178.4,179.41 2 6
ch12/ex04/pretty.go:182.4,183.53 2 6
ch12/ex04/pretty.go:186.4,186.11 1 6
ch12/ex04/pretty.go:175.13,177.5 1 5
ch12/ex04/pretty.go:179.41,181.5 1 0
ch12/ex04/pretty.go:183.53,185.5 1 0
ch12/ex04/pretty.go:195.15,197.4 1 1
ch12/ex04/pretty.go:197.4,199.4 1 0
